<?xml version="1.0" encoding="UTF-8"?>
<!-- Generated by org.testng.reporters.JUnitReportReporter -->
<testsuite skipped="0" hostname="EG5CG8352J1V" name="TestCases.PlaceOrder_TCs" tests="4" failures="0" timestamp="2021-06-04T18:32:49 EET" time="82.463" errors="0">
  <testcase name="createNewAccount" time="16.032" classname="TestCases.PlaceOrder_TCs"/>
  <system-out/>
  <testcase name="PlaceorderWithoutTermsCheck" time="16.845" classname="TestCases.PlaceOrder_TCs"/>
  <system-out/>
  <testcase name="BuyBlouse_BankWire" time="22.227" classname="TestCases.PlaceOrder_TCs"/>
  <system-out/>
  <testcase name="BuyBlouse_Check" time="27.359" classname="TestCases.PlaceOrder_TCs"/>
  <system-out/>
</testsuite> <!-- TestCases.PlaceOrder_TCs -->
