<?xml version="1.0" encoding="UTF-8"?>
<!-- Generated by org.testng.reporters.JUnitReportReporter -->
<testsuite skipped="0" hostname="EG5CG8352J1V" name="TestCases.CreateAccount_NegativeTCs" tests="7" failures="0" timestamp="2021-06-04T18:32:49 EET" time="81.701" errors="0">
  <testcase name="createNewAccount_InvalidEmail" time="5.422" classname="TestCases.CreateAccount_NegativeTCs"/>
  <system-out/>
  <testcase name="createNewAccount_EmptyFirstname" time="12.383" classname="TestCases.CreateAccount_NegativeTCs"/>
  <system-out/>
  <testcase name="createNewAccount_EmptyLastname" time="17.069" classname="TestCases.CreateAccount_NegativeTCs"/>
  <system-out/>
  <testcase name="createNewAccount_EmptyPassword" time="11.044" classname="TestCases.CreateAccount_NegativeTCs"/>
  <system-out/>
  <testcase name="createNewAccount_EmptyAddress" time="11.823" classname="TestCases.CreateAccount_NegativeTCs"/>
  <system-out/>
  <testcase name="createNewAccount_EmptyMobile" time="10.893" classname="TestCases.CreateAccount_NegativeTCs"/>
  <system-out/>
  <testcase name="createNewAccount_EmptyPostCode" time="13.067" classname="TestCases.CreateAccount_NegativeTCs"/>
  <system-out/>
</testsuite> <!-- TestCases.CreateAccount_NegativeTCs -->
