<?xml version="1.0" encoding="UTF-8"?>
<!-- Generated by org.testng.reporters.JUnitReportReporter -->
<testsuite skipped="0" hostname="EG5CG8352J1V" name="TestCases.CreateAccount_NegativeTCs" tests="7" failures="0" timestamp="2021-06-04T19:05:53 EET" time="80.240" errors="0">
  <testcase name="createNewAccount_InvalidEmail" time="5.249" classname="TestCases.CreateAccount_NegativeTCs"/>
  <system-out/>
  <testcase name="createNewAccount_EmptyFirstname" time="10.626" classname="TestCases.CreateAccount_NegativeTCs"/>
  <system-out/>
  <testcase name="createNewAccount_EmptyLastname" time="12.835" classname="TestCases.CreateAccount_NegativeTCs"/>
  <system-out/>
  <testcase name="createNewAccount_EmptyPassword" time="13.176" classname="TestCases.CreateAccount_NegativeTCs"/>
  <system-out/>
  <testcase name="createNewAccount_EmptyAddress" time="12.069" classname="TestCases.CreateAccount_NegativeTCs"/>
  <system-out/>
  <testcase name="createNewAccount_EmptyMobile" time="13.736" classname="TestCases.CreateAccount_NegativeTCs"/>
  <system-out/>
  <testcase name="createNewAccount_EmptyPostCode" time="12.549" classname="TestCases.CreateAccount_NegativeTCs"/>
  <system-out/>
</testsuite> <!-- TestCases.CreateAccount_NegativeTCs -->
