<?xml version="1.0" encoding="UTF-8"?>
<!-- Generated by org.testng.reporters.JUnitReportReporter -->
<testsuite skipped="0" hostname="EG5CG8352J1V" name="TestCases.PlaceOrder_TCs" tests="4" failures="0" timestamp="2021-06-04T19:05:53 EET" time="83.016" errors="0">
  <testcase name="createNewAccount" time="13.694" classname="TestCases.PlaceOrder_TCs"/>
  <system-out/>
  <testcase name="BuyBlouse_Check" time="25.206" classname="TestCases.PlaceOrder_TCs"/>
  <system-out/>
  <testcase name="BuyBlouse_BankWire" time="28.426" classname="TestCases.PlaceOrder_TCs"/>
  <system-out/>
  <testcase name="PlaceorderWithoutTermsCheck" time="15.690" classname="TestCases.PlaceOrder_TCs"/>
  <system-out/>
</testsuite> <!-- TestCases.PlaceOrder_TCs -->
